<?xml version="1.0" encoding="UTF-8"?>
<!-- Generated by org.testng.reporters.JUnitReportReporter -->
<testsuite hostname="CHNMCT279709L" failures="0" tests="1" name="Practice.validateResponse" time="3.303" errors="0" timestamp="12 Aug 2020 17:59:00 GMT" skipped="0">
  <testcase classname="Practice.validateResponse" name="validation" time="3.303"/>
</testsuite> <!-- Practice.validateResponse -->
