<?xml version="1.0" encoding="UTF-8"?>
<!-- Generated by org.testng.reporters.JUnitReportReporter -->
<testsuite hostname="CHNMCT279709L" failures="0" tests="1" name="Specifications.responseSpec" time="4.023" errors="0" timestamp="13 Aug 2020 15:55:10 GMT" skipped="0">
  <testcase classname="Specifications.responseSpec" name="test" time="4.023"/>
</testsuite> <!-- Specifications.responseSpec -->
