<?xml version="1.0" encoding="UTF-8"?>
<!-- Generated by org.testng.reporters.JUnitReportReporter -->
<testsuite hostname="CHNMCT279709L" failures="0" tests="2" name="Basics.getResponse" time="1.494" errors="0" timestamp="11 Aug 2020 12:04:27 GMT" skipped="1">
  <testcase classname="Basics.getResponse" name="responseBody" time="1.494"/>
  <testcase classname="Basics.getResponse" name="responseCode">
    <skipped/>
  </testcase> <!-- responseCode -->
</testsuite> <!-- Basics.getResponse -->
