<?xml version="1.0" encoding="UTF-8"?>
<!-- Generated by org.testng.reporters.JUnitReportReporter -->
<testsuite hostname="CHNMCT279709L" failures="0" tests="1" name="Specifications.reqResSpec" time="3.613" errors="0" timestamp="13 Aug 2020 16:15:48 GMT" skipped="0">
  <testcase classname="Specifications.reqResSpec" name="test" time="3.613"/>
</testsuite> <!-- Specifications.reqResSpec -->
