<?xml version="1.0" encoding="UTF-8"?>
<!-- Generated by org.testng.reporters.JUnitReportReporter -->
<testsuite hostname="CHNMCT279709L" failures="0" tests="1" name="Specifications.requestSpec" time="1.306" errors="0" timestamp="13 Aug 2020 13:42:43 GMT" skipped="0">
  <testcase classname="Specifications.requestSpec" name="test" time="1.306"/>
</testsuite> <!-- Specifications.requestSpec -->
