<?xml version="1.0" encoding="UTF-8"?>
<!-- Generated by org.testng.reporters.JUnitReportReporter -->
<testsuite hostname="CHNMCT279709L" failures="0" tests="1" name="Basics.extractResponse" time="4.880" errors="0" timestamp="14 Aug 2020 11:51:53 GMT" skipped="0">
  <testcase classname="Basics.extractResponse" name="validation" time="4.880"/>
</testsuite> <!-- Basics.extractResponse -->
