<?xml version="1.0" encoding="UTF-8"?>
<!-- Generated by org.testng.reporters.JUnitReportReporter -->
<testsuite skipped="0" hostname="CHNMCT279709L" name="getRequest.GetData1" tests="2" failures="0" timestamp="04 Aug 2020 14:49:54 GMT" time="8.506" errors="0">
  <testcase name="getTest1" time="3.773" classname="getRequest.GetData1"/>
  <testcase name="getTest2" time="4.733" classname="getRequest.GetData1"/>
</testsuite> <!-- getRequest.GetData1 -->
