<?xml version="1.0" encoding="UTF-8"?>
<!-- Generated by org.testng.reporters.JUnitReportReporter -->
<testsuite hostname="CHNMCT279709L" failures="0" tests="1" name="Basics.rootPathUsage" time="3.998" errors="0" timestamp="13 Aug 2020 10:41:07 GMT" skipped="0">
  <testcase classname="Basics.rootPathUsage" name="test" time="3.998"/>
</testsuite> <!-- Basics.rootPathUsage -->
