<?xml version="1.0" encoding="UTF-8"?>
<!-- Generated by org.testng.reporters.JUnitReportReporter -->
<testsuite skipped="0" hostname="CHNMCT279709L" name="getRequest.Post_Delete_Put" tests="1" failures="0" timestamp="06 Aug 2020 18:04:34 GMT" time="2.556" errors="0">
  <testcase name="test1" time="2.556" classname="getRequest.Post_Delete_Put"/>
</testsuite> <!-- getRequest.Post_Delete_Put -->
