<?xml version="1.0" encoding="UTF-8"?>
<!-- Generated by org.testng.reporters.JUnitReportReporter -->
<testsuite hostname="CHNMCT279709L" failures="0" tests="1" name="Assertions.HardAssert" time="4.435" errors="0" timestamp="14 Aug 2020 12:15:53 GMT" skipped="0">
  <testcase classname="Assertions.HardAssert" name="test" time="4.435"/>
</testsuite> <!-- Assertions.HardAssert -->
